Analysis & Synthesis report for PBL1
Thu Sep 18 16:37:44 2025
Quartus Prime Version 23.1std.0 Build 991 11/28/2023 SC Lite Edition


---------------------
; Table of Contents ;
---------------------
  1. Legal Notice
  2. Analysis & Synthesis Summary
  3. Analysis & Synthesis Settings
  4. Parallel Compilation
  5. Analysis & Synthesis Source Files Read
  6. Analysis & Synthesis Resource Usage Summary
  7. Analysis & Synthesis Resource Utilization by Entity
  8. General Register Statistics
  9. Port Connectivity Checks: "bcd:U_BCD"
 10. Port Connectivity Checks: "mux_8_para_1_8bits:U_MUX"
 11. Port Connectivity Checks: "mutiplicacao_5x4:U_Mult|full_adder:soma25"
 12. Port Connectivity Checks: "mutiplicacao_5x4:U_Mult|full_adder:soma02"
 13. Port Connectivity Checks: "somador_subtrator_4bits:U_Sub"
 14. Port Connectivity Checks: "somador_subtrator_4bits:U_Soma"
 15. Post-Synthesis Netlist Statistics for Top Partition
 16. Elapsed Time Per Partition
 17. Analysis & Synthesis Messages
 18. Analysis & Synthesis Suppressed Messages



----------------
; Legal Notice ;
----------------
Copyright (C) 2023  Intel Corporation. All rights reserved.
Your use of Intel Corporation's design tools, logic functions 
and other software and tools, and any partner logic 
functions, and any output files from any of the foregoing 
(including device programming or simulation files), and any 
associated documentation or information are expressly subject 
to the terms and conditions of the Intel Program License 
Subscription Agreement, the Intel Quartus Prime License Agreement,
the Intel FPGA IP License Agreement, or other applicable license
agreement, including, without limitation, that your use is for
the sole purpose of programming logic devices manufactured by
Intel and sold by Intel or its authorized distributors.  Please
refer to the applicable agreement for further details, at
https://fpgasoftware.intel.com/eula.



+-------------------------------------------------------------------------------------+
; Analysis & Synthesis Summary                                                        ;
+------------------------------------+------------------------------------------------+
; Analysis & Synthesis Status        ; Successful - Thu Sep 18 16:37:44 2025          ;
; Quartus Prime Version              ; 23.1std.0 Build 991 11/28/2023 SC Lite Edition ;
; Revision Name                      ; PBL1                                           ;
; Top-level Entity Name              ; ULA_TOP                                        ;
; Family                             ; MAX 10                                         ;
; Total logic elements               ; 91                                             ;
;     Total combinational functions  ; 91                                             ;
;     Dedicated logic registers      ; 0                                              ;
; Total registers                    ; 0                                              ;
; Total pins                         ; 28                                             ;
; Total virtual pins                 ; 0                                              ;
; Total memory bits                  ; 0                                              ;
; Embedded Multiplier 9-bit elements ; 0                                              ;
; Total PLLs                         ; 0                                              ;
; UFM blocks                         ; 0                                              ;
; ADC blocks                         ; 0                                              ;
+------------------------------------+------------------------------------------------+


+------------------------------------------------------------------------------------------------------------+
; Analysis & Synthesis Settings                                                                              ;
+------------------------------------------------------------------+--------------------+--------------------+
; Option                                                           ; Setting            ; Default Value      ;
+------------------------------------------------------------------+--------------------+--------------------+
; Device                                                           ; 10M50DCF484C7G     ;                    ;
; Top-level entity name                                            ; ULA_TOP            ; PBL1               ;
; Family name                                                      ; MAX 10             ; Cyclone V          ;
; Use smart compilation                                            ; Off                ; Off                ;
; Enable parallel Assembler and Timing Analyzer during compilation ; On                 ; On                 ;
; Enable compact report table                                      ; Off                ; Off                ;
; Restructure Multiplexers                                         ; Auto               ; Auto               ;
; Create Debugging Nodes for IP Cores                              ; Off                ; Off                ;
; Preserve fewer node names                                        ; On                 ; On                 ;
; Intel FPGA IP Evaluation Mode                                    ; Enable             ; Enable             ;
; Verilog Version                                                  ; Verilog_2001       ; Verilog_2001       ;
; VHDL Version                                                     ; VHDL_1993          ; VHDL_1993          ;
; State Machine Processing                                         ; Auto               ; Auto               ;
; Safe State Machine                                               ; Off                ; Off                ;
; Extract Verilog State Machines                                   ; On                 ; On                 ;
; Extract VHDL State Machines                                      ; On                 ; On                 ;
; Ignore Verilog initial constructs                                ; Off                ; Off                ;
; Iteration limit for constant Verilog loops                       ; 5000               ; 5000               ;
; Iteration limit for non-constant Verilog loops                   ; 250                ; 250                ;
; Add Pass-Through Logic to Inferred RAMs                          ; On                 ; On                 ;
; Infer RAMs from Raw Logic                                        ; On                 ; On                 ;
; Parallel Synthesis                                               ; On                 ; On                 ;
; DSP Block Balancing                                              ; Auto               ; Auto               ;
; NOT Gate Push-Back                                               ; On                 ; On                 ;
; Power-Up Don't Care                                              ; On                 ; On                 ;
; Remove Redundant Logic Cells                                     ; Off                ; Off                ;
; Remove Duplicate Registers                                       ; On                 ; On                 ;
; Ignore CARRY Buffers                                             ; Off                ; Off                ;
; Ignore CASCADE Buffers                                           ; Off                ; Off                ;
; Ignore GLOBAL Buffers                                            ; Off                ; Off                ;
; Ignore ROW GLOBAL Buffers                                        ; Off                ; Off                ;
; Ignore LCELL Buffers                                             ; Off                ; Off                ;
; Ignore SOFT Buffers                                              ; On                 ; On                 ;
; Limit AHDL Integers to 32 Bits                                   ; Off                ; Off                ;
; Optimization Technique                                           ; Balanced           ; Balanced           ;
; Carry Chain Length                                               ; 70                 ; 70                 ;
; Auto Carry Chains                                                ; On                 ; On                 ;
; Auto Open-Drain Pins                                             ; On                 ; On                 ;
; Perform WYSIWYG Primitive Resynthesis                            ; Off                ; Off                ;
; Auto ROM Replacement                                             ; On                 ; On                 ;
; Auto RAM Replacement                                             ; On                 ; On                 ;
; Auto DSP Block Replacement                                       ; On                 ; On                 ;
; Auto Shift Register Replacement                                  ; Auto               ; Auto               ;
; Allow Shift Register Merging across Hierarchies                  ; Auto               ; Auto               ;
; Auto Clock Enable Replacement                                    ; On                 ; On                 ;
; Strict RAM Replacement                                           ; Off                ; Off                ;
; Allow Synchronous Control Signals                                ; On                 ; On                 ;
; Force Use of Synchronous Clear Signals                           ; Off                ; Off                ;
; Auto RAM Block Balancing                                         ; On                 ; On                 ;
; Auto RAM to Logic Cell Conversion                                ; Off                ; Off                ;
; Auto Resource Sharing                                            ; Off                ; Off                ;
; Allow Any RAM Size For Recognition                               ; Off                ; Off                ;
; Allow Any ROM Size For Recognition                               ; Off                ; Off                ;
; Allow Any Shift Register Size For Recognition                    ; Off                ; Off                ;
; Use LogicLock Constraints during Resource Balancing              ; On                 ; On                 ;
; Ignore translate_off and synthesis_off directives                ; Off                ; Off                ;
; Timing-Driven Synthesis                                          ; On                 ; On                 ;
; Report Parameter Settings                                        ; On                 ; On                 ;
; Report Source Assignments                                        ; On                 ; On                 ;
; Report Connectivity Checks                                       ; On                 ; On                 ;
; Ignore Maximum Fan-Out Assignments                               ; Off                ; Off                ;
; Synchronization Register Chain Length                            ; 2                  ; 2                  ;
; Power Optimization During Synthesis                              ; Normal compilation ; Normal compilation ;
; HDL message level                                                ; Level2             ; Level2             ;
; Suppress Register Optimization Related Messages                  ; Off                ; Off                ;
; Number of Removed Registers Reported in Synthesis Report         ; 5000               ; 5000               ;
; Number of Swept Nodes Reported in Synthesis Report               ; 5000               ; 5000               ;
; Number of Inverted Registers Reported in Synthesis Report        ; 100                ; 100                ;
; Clock MUX Protection                                             ; On                 ; On                 ;
; Auto Gated Clock Conversion                                      ; Off                ; Off                ;
; Block Design Naming                                              ; Auto               ; Auto               ;
; SDC constraint protection                                        ; Off                ; Off                ;
; Synthesis Effort                                                 ; Auto               ; Auto               ;
; Shift Register Replacement - Allow Asynchronous Clear Signal     ; On                 ; On                 ;
; Pre-Mapping Resynthesis Optimization                             ; Off                ; Off                ;
; Analysis & Synthesis Message Level                               ; Medium             ; Medium             ;
; Disable Register Merging Across Hierarchies                      ; Auto               ; Auto               ;
; Resource Aware Inference For Block RAM                           ; On                 ; On                 ;
+------------------------------------------------------------------+--------------------+--------------------+


+------------------------------------------+
; Parallel Compilation                     ;
+----------------------------+-------------+
; Processors                 ; Number      ;
+----------------------------+-------------+
; Number detected on machine ; 20          ;
; Maximum allowed            ; 14          ;
;                            ;             ;
; Average used               ; 1.00        ;
; Maximum used               ; 1           ;
;                            ;             ;
; Usage by Processor         ; % Time Used ;
;     Processor 1            ; 100.0%      ;
+----------------------------+-------------+


+----------------------------------------------------------------------------------------------------------------------------------------------------+
; Analysis & Synthesis Source Files Read                                                                                                             ;
+----------------------------------+-----------------+------------------------+------------------------------------------------------------+---------+
; File Name with User-Entered Path ; Used in Netlist ; File Type              ; File Name with Absolute Path                               ; Library ;
+----------------------------------+-----------------+------------------------+------------------------------------------------------------+---------+
; ULA_TOP.v                        ; yes             ; User Verilog HDL File  ; /home/aluno/Documentos/PBL1/PBL1/ULA_TOP.v                 ;         ;
; decodificador_7seg.v             ; yes             ; User Verilog HDL File  ; /home/aluno/Documentos/PBL1/PBL1/decodificador_7seg.v      ;         ;
; bcd.v                            ; yes             ; User Verilog HDL File  ; /home/aluno/Documentos/PBL1/PBL1/bcd.v                     ;         ;
; full_adder.v                     ; yes             ; User Verilog HDL File  ; /home/aluno/Documentos/PBL1/PBL1/full_adder.v              ;         ;
; mux_8_para_1.v                   ; yes             ; User Verilog HDL File  ; /home/aluno/Documentos/PBL1/PBL1/mux_8_para_1.v            ;         ;
; somador_subtrator_4bits.v        ; yes             ; User Verilog HDL File  ; /home/aluno/Documentos/PBL1/PBL1/somador_subtrator_4bits.v ;         ;
; unidade_and_4bits.v              ; yes             ; User Verilog HDL File  ; /home/aluno/Documentos/PBL1/PBL1/unidade_and_4bits.v       ;         ;
; unidade_or_4bits.v               ; yes             ; User Verilog HDL File  ; /home/aluno/Documentos/PBL1/PBL1/unidade_or_4bits.v        ;         ;
; soma_cin_a.v                     ; yes             ; User Verilog HDL File  ; /home/aluno/Documentos/PBL1/PBL1/soma_cin_a.v              ;         ;
; mutiplicacao_5x4.v               ; yes             ; User Verilog HDL File  ; /home/aluno/Documentos/PBL1/PBL1/mutiplicacao_5x4.v        ;         ;
; unidade_xor_5x4.v                ; yes             ; User Verilog HDL File  ; /home/aluno/Documentos/PBL1/PBL1/unidade_xor_5x4.v         ;         ;
; divisao_5por4.v                  ; yes             ; User Verilog HDL File  ; /home/aluno/Documentos/PBL1/PBL1/divisao_5por4.v           ;         ;
; mux_8_para_1_8bits.v             ; yes             ; User Verilog HDL File  ; /home/aluno/Documentos/PBL1/PBL1/mux_8_para_1_8bits.v      ;         ;
; flag_zero.v                      ; yes             ; User Verilog HDL File  ; /home/aluno/Documentos/PBL1/PBL1/flag_zero.v               ;         ;
; flag_error.v                     ; yes             ; User Verilog HDL File  ; /home/aluno/Documentos/PBL1/PBL1/flag_error.v              ;         ;
+----------------------------------+-----------------+------------------------+------------------------------------------------------------+---------+


+-----------------------------------------------------------+
; Analysis & Synthesis Resource Usage Summary               ;
+---------------------------------------------+-------------+
; Resource                                    ; Usage       ;
+---------------------------------------------+-------------+
; Estimated Total logic elements              ; 91          ;
;                                             ;             ;
; Total combinational functions               ; 91          ;
; Logic element usage by number of LUT inputs ;             ;
;     -- 4 input functions                    ; 72          ;
;     -- 3 input functions                    ; 10          ;
;     -- <=2 input functions                  ; 9           ;
;                                             ;             ;
; Logic elements by mode                      ;             ;
;     -- normal mode                          ; 91          ;
;     -- arithmetic mode                      ; 0           ;
;                                             ;             ;
; Total registers                             ; 0           ;
;     -- Dedicated logic registers            ; 0           ;
;     -- I/O registers                        ; 0           ;
;                                             ;             ;
; I/O pins                                    ; 28          ;
;                                             ;             ;
; Embedded Multiplier 9-bit elements          ; 0           ;
;                                             ;             ;
; Maximum fan-out node                        ; SW[4]~input ;
; Maximum fan-out                             ; 24          ;
; Total fan-out                               ; 377         ;
; Average fan-out                             ; 2.56        ;
+---------------------------------------------+-------------+


+---------------------------------------------------------------------------------------------------------------------------------------------------------------------------------------------------------------------------------------------------------------------------------------------+
; Analysis & Synthesis Resource Utilization by Entity                                                                                                                                                                                                                                         ;
+-------------------------------------+---------------------+---------------------------+-------------+------------+--------------+---------+-----------+------+--------------+------------+---------------------------------------------------------+-------------------------+--------------+
; Compilation Hierarchy Node          ; Combinational ALUTs ; Dedicated Logic Registers ; Memory Bits ; UFM Blocks ; DSP Elements ; DSP 9x9 ; DSP 18x18 ; Pins ; Virtual Pins ; ADC blocks ; Full Hierarchy Name                                     ; Entity Name             ; Library Name ;
+-------------------------------------+---------------------+---------------------------+-------------+------------+--------------+---------+-----------+------+--------------+------------+---------------------------------------------------------+-------------------------+--------------+
; |ULA_TOP                            ; 91 (0)              ; 0 (0)                     ; 0           ; 0          ; 0            ; 0       ; 0         ; 28   ; 0            ; 0          ; |ULA_TOP                                                ; ULA_TOP                 ; work         ;
;    |bcd:U_BCD|                      ; 1 (1)               ; 0 (0)                     ; 0           ; 0          ; 0            ; 0       ; 0         ; 0    ; 0            ; 0          ; |ULA_TOP|bcd:U_BCD                                      ; bcd                     ; work         ;
;    |decodificador_7seg:comb_24|     ; 7 (7)               ; 0 (0)                     ; 0           ; 0          ; 0            ; 0       ; 0         ; 0    ; 0            ; 0          ; |ULA_TOP|decodificador_7seg:comb_24                     ; decodificador_7seg      ; work         ;
;    |divisao_5por4:U_div|            ; 20 (20)             ; 0 (0)                     ; 0           ; 0          ; 0            ; 0       ; 0         ; 0    ; 0            ; 0          ; |ULA_TOP|divisao_5por4:U_div                            ; divisao_5por4           ; work         ;
;    |flag_error:comb_27|             ; 2 (2)               ; 0 (0)                     ; 0           ; 0          ; 0            ; 0       ; 0         ; 0    ; 0            ; 0          ; |ULA_TOP|flag_error:comb_27                             ; flag_error              ; work         ;
;    |flag_zero:comb_26|              ; 1 (1)               ; 0 (0)                     ; 0           ; 0          ; 0            ; 0       ; 0         ; 0    ; 0            ; 0          ; |ULA_TOP|flag_zero:comb_26                              ; flag_zero               ; work         ;
;    |mutiplicacao_5x4:U_Mult|        ; 6 (0)               ; 0 (0)                     ; 0           ; 0          ; 0            ; 0       ; 0         ; 0    ; 0            ; 0          ; |ULA_TOP|mutiplicacao_5x4:U_Mult                        ; mutiplicacao_5x4        ; work         ;
;       |full_adder:soma01|           ; 1 (1)               ; 0 (0)                     ; 0           ; 0          ; 0            ; 0       ; 0         ; 0    ; 0            ; 0          ; |ULA_TOP|mutiplicacao_5x4:U_Mult|full_adder:soma01      ; full_adder              ; work         ;
;       |full_adder:soma02|           ; 2 (2)               ; 0 (0)                     ; 0           ; 0          ; 0            ; 0       ; 0         ; 0    ; 0            ; 0          ; |ULA_TOP|mutiplicacao_5x4:U_Mult|full_adder:soma02      ; full_adder              ; work         ;
;       |full_adder:soma21|           ; 3 (3)               ; 0 (0)                     ; 0           ; 0          ; 0            ; 0       ; 0         ; 0    ; 0            ; 0          ; |ULA_TOP|mutiplicacao_5x4:U_Mult|full_adder:soma21      ; full_adder              ; work         ;
;    |mux_8_para_1_8bits:U_MUX|       ; 34 (0)              ; 0 (0)                     ; 0           ; 0          ; 0            ; 0       ; 0         ; 0    ; 0            ; 0          ; |ULA_TOP|mux_8_para_1_8bits:U_MUX                       ; mux_8_para_1_8bits      ; work         ;
;       |mux_8_para_1:MUX_BIT0|       ; 7 (7)               ; 0 (0)                     ; 0           ; 0          ; 0            ; 0       ; 0         ; 0    ; 0            ; 0          ; |ULA_TOP|mux_8_para_1_8bits:U_MUX|mux_8_para_1:MUX_BIT0 ; mux_8_para_1            ; work         ;
;       |mux_8_para_1:MUX_BIT1|       ; 10 (10)             ; 0 (0)                     ; 0           ; 0          ; 0            ; 0       ; 0         ; 0    ; 0            ; 0          ; |ULA_TOP|mux_8_para_1_8bits:U_MUX|mux_8_para_1:MUX_BIT1 ; mux_8_para_1            ; work         ;
;       |mux_8_para_1:MUX_BIT2|       ; 11 (11)             ; 0 (0)                     ; 0           ; 0          ; 0            ; 0       ; 0         ; 0    ; 0            ; 0          ; |ULA_TOP|mux_8_para_1_8bits:U_MUX|mux_8_para_1:MUX_BIT2 ; mux_8_para_1            ; work         ;
;       |mux_8_para_1:MUX_BIT3|       ; 6 (6)               ; 0 (0)                     ; 0           ; 0          ; 0            ; 0       ; 0         ; 0    ; 0            ; 0          ; |ULA_TOP|mux_8_para_1_8bits:U_MUX|mux_8_para_1:MUX_BIT3 ; mux_8_para_1            ; work         ;
;    |soma_cin_a:U_somaCin|           ; 5 (0)               ; 0 (0)                     ; 0           ; 0          ; 0            ; 0       ; 0         ; 0    ; 0            ; 0          ; |ULA_TOP|soma_cin_a:U_somaCin                           ; soma_cin_a              ; work         ;
;       |full_adder:U_s1|             ; 2 (2)               ; 0 (0)                     ; 0           ; 0          ; 0            ; 0       ; 0         ; 0    ; 0            ; 0          ; |ULA_TOP|soma_cin_a:U_somaCin|full_adder:U_s1           ; full_adder              ; work         ;
;       |full_adder:U_s2|             ; 1 (1)               ; 0 (0)                     ; 0           ; 0          ; 0            ; 0       ; 0         ; 0    ; 0            ; 0          ; |ULA_TOP|soma_cin_a:U_somaCin|full_adder:U_s2           ; full_adder              ; work         ;
;       |full_adder:U_s3|             ; 1 (1)               ; 0 (0)                     ; 0           ; 0          ; 0            ; 0       ; 0         ; 0    ; 0            ; 0          ; |ULA_TOP|soma_cin_a:U_somaCin|full_adder:U_s3           ; full_adder              ; work         ;
;       |full_adder:U_s4|             ; 1 (1)               ; 0 (0)                     ; 0           ; 0          ; 0            ; 0       ; 0         ; 0    ; 0            ; 0          ; |ULA_TOP|soma_cin_a:U_somaCin|full_adder:U_s4           ; full_adder              ; work         ;
;    |somador_subtrator_4bits:U_Soma| ; 6 (0)               ; 0 (0)                     ; 0           ; 0          ; 0            ; 0       ; 0         ; 0    ; 0            ; 0          ; |ULA_TOP|somador_subtrator_4bits:U_Soma                 ; somador_subtrator_4bits ; work         ;
;       |full_adder:fa0|              ; 1 (1)               ; 0 (0)                     ; 0           ; 0          ; 0            ; 0       ; 0         ; 0    ; 0            ; 0          ; |ULA_TOP|somador_subtrator_4bits:U_Soma|full_adder:fa0  ; full_adder              ; work         ;
;       |full_adder:fa1|              ; 2 (2)               ; 0 (0)                     ; 0           ; 0          ; 0            ; 0       ; 0         ; 0    ; 0            ; 0          ; |ULA_TOP|somador_subtrator_4bits:U_Soma|full_adder:fa1  ; full_adder              ; work         ;
;       |full_adder:fa2|              ; 1 (1)               ; 0 (0)                     ; 0           ; 0          ; 0            ; 0       ; 0         ; 0    ; 0            ; 0          ; |ULA_TOP|somador_subtrator_4bits:U_Soma|full_adder:fa2  ; full_adder              ; work         ;
;       |full_adder:fa3|              ; 2 (2)               ; 0 (0)                     ; 0           ; 0          ; 0            ; 0       ; 0         ; 0    ; 0            ; 0          ; |ULA_TOP|somador_subtrator_4bits:U_Soma|full_adder:fa3  ; full_adder              ; work         ;
;    |somador_subtrator_4bits:U_Sub|  ; 3 (0)               ; 0 (0)                     ; 0           ; 0          ; 0            ; 0       ; 0         ; 0    ; 0            ; 0          ; |ULA_TOP|somador_subtrator_4bits:U_Sub                  ; somador_subtrator_4bits ; work         ;
;       |full_adder:fa1|              ; 2 (2)               ; 0 (0)                     ; 0           ; 0          ; 0            ; 0       ; 0         ; 0    ; 0            ; 0          ; |ULA_TOP|somador_subtrator_4bits:U_Sub|full_adder:fa1   ; full_adder              ; work         ;
;       |full_adder:fa2|              ; 1 (1)               ; 0 (0)                     ; 0           ; 0          ; 0            ; 0       ; 0         ; 0    ; 0            ; 0          ; |ULA_TOP|somador_subtrator_4bits:U_Sub|full_adder:fa2   ; full_adder              ; work         ;
;    |unidade_or_4bits:U_OR|          ; 2 (2)               ; 0 (0)                     ; 0           ; 0          ; 0            ; 0       ; 0         ; 0    ; 0            ; 0          ; |ULA_TOP|unidade_or_4bits:U_OR                          ; unidade_or_4bits        ; work         ;
;    |unidade_xor_5x4:U_xor|          ; 4 (4)               ; 0 (0)                     ; 0           ; 0          ; 0            ; 0       ; 0         ; 0    ; 0            ; 0          ; |ULA_TOP|unidade_xor_5x4:U_xor                          ; unidade_xor_5x4         ; work         ;
+-------------------------------------+---------------------+---------------------------+-------------+------------+--------------+---------+-----------+------+--------------+------------+---------------------------------------------------------+-------------------------+--------------+
Note: For table entries with two numbers listed, the numbers in parentheses indicate the number of resources of the given type used by the specific entity alone. The numbers listed outside of parentheses indicate the total resources of the given type used by the specific entity and all of its sub-entities in the hierarchy.


+------------------------------------------------------+
; General Register Statistics                          ;
+----------------------------------------------+-------+
; Statistic                                    ; Value ;
+----------------------------------------------+-------+
; Total registers                              ; 0     ;
; Number of registers using Synchronous Clear  ; 0     ;
; Number of registers using Synchronous Load   ; 0     ;
; Number of registers using Asynchronous Clear ; 0     ;
; Number of registers using Asynchronous Load  ; 0     ;
; Number of registers using Clock Enable       ; 0     ;
; Number of registers using Preset             ; 0     ;
+----------------------------------------------+-------+


+------------------------------------------------------------------------------------------------------------------------------------------------------------------------------------------------------------+
; Port Connectivity Checks: "bcd:U_BCD"                                                                                                                                                                      ;
+------+-------+----------+----------------------------------------------------------------------------------------------------------------------------------------------------------------------------------+
; Port ; Type  ; Severity ; Details                                                                                                                                                                          ;
+------+-------+----------+----------------------------------------------------------------------------------------------------------------------------------------------------------------------------------+
; B    ; Input ; Warning  ; Input port expression (8 bits) is wider than the input port (4 bits) it drives.  The 4 most-significant bit(s) in the expression will be dangling if they have no other fanouts. ;
+------+-------+----------+----------------------------------------------------------------------------------------------------------------------------------------------------------------------------------+


+--------------------------------------------------------------------------------------------------------------------------------------------------------------------------------------------------+
; Port Connectivity Checks: "mux_8_para_1_8bits:U_MUX"                                                                                                                                             ;
+------+--------+----------+-----------------------------------------------------------------------------------------------------------------------------------------------------------------------+
; Port ; Type   ; Severity ; Details                                                                                                                                                               ;
+------+--------+----------+-----------------------------------------------------------------------------------------------------------------------------------------------------------------------+
; D7   ; Input  ; Warning  ; Input port expression (4 bits) is smaller than the input port (8 bits) it drives.  Extra input bit(s) "D7[7..4]" will be connected to GND.                            ;
; Y    ; Output ; Warning  ; Output or bidir port (5 bits) is smaller than the port expression (8 bits) it drives.  The 3 most-significant bit(s) in the port expression will be connected to GND. ;
; Y[4] ; Output ; Info     ; Connected to dangling logic. Logic that only feeds a dangling port will be removed.                                                                                   ;
+------+--------+----------+-----------------------------------------------------------------------------------------------------------------------------------------------------------------------+


+----------------------------------------------------------------------------------------------------------------+
; Port Connectivity Checks: "mutiplicacao_5x4:U_Mult|full_adder:soma25"                                          ;
+------+--------+----------+-------------------------------------------------------------------------------------+
; Port ; Type   ; Severity ; Details                                                                             ;
+------+--------+----------+-------------------------------------------------------------------------------------+
; cout ; Output ; Info     ; Connected to dangling logic. Logic that only feeds a dangling port will be removed. ;
+------+--------+----------+-------------------------------------------------------------------------------------+


+----------------------------------------------------------------------------------------------------------------+
; Port Connectivity Checks: "mutiplicacao_5x4:U_Mult|full_adder:soma02"                                          ;
+------+--------+----------+-------------------------------------------------------------------------------------+
; Port ; Type   ; Severity ; Details                                                                             ;
+------+--------+----------+-------------------------------------------------------------------------------------+
; s    ; Output ; Info     ; Connected to dangling logic. Logic that only feeds a dangling port will be removed. ;
+------+--------+----------+-------------------------------------------------------------------------------------+


+----------------------------------------------------------------------------------------------------------------+
; Port Connectivity Checks: "somador_subtrator_4bits:U_Sub"                                                      ;
+------+--------+----------+-------------------------------------------------------------------------------------+
; Port ; Type   ; Severity ; Details                                                                             ;
+------+--------+----------+-------------------------------------------------------------------------------------+
; cout ; Output ; Info     ; Connected to dangling logic. Logic that only feeds a dangling port will be removed. ;
; ov   ; Output ; Info     ; Connected to dangling logic. Logic that only feeds a dangling port will be removed. ;
+------+--------+----------+-------------------------------------------------------------------------------------+


+--------------------------------------------------------------------------------------------------------------------+
; Port Connectivity Checks: "somador_subtrator_4bits:U_Soma"                                                         ;
+----------+--------+----------+-------------------------------------------------------------------------------------+
; Port     ; Type   ; Severity ; Details                                                                             ;
+----------+--------+----------+-------------------------------------------------------------------------------------+
; modo_sub ; Input  ; Info     ; Stuck at GND                                                                        ;
; cout     ; Output ; Info     ; Connected to dangling logic. Logic that only feeds a dangling port will be removed. ;
; ov       ; Output ; Info     ; Connected to dangling logic. Logic that only feeds a dangling port will be removed. ;
+----------+--------+----------+-------------------------------------------------------------------------------------+


+-----------------------------------------------------+
; Post-Synthesis Netlist Statistics for Top Partition ;
+-----------------------+-----------------------------+
; Type                  ; Count                       ;
+-----------------------+-----------------------------+
; boundary_port         ; 28                          ;
; cycloneiii_lcell_comb ; 93                          ;
;     normal            ; 93                          ;
;         0 data inputs ; 2                           ;
;         2 data inputs ; 9                           ;
;         3 data inputs ; 10                          ;
;         4 data inputs ; 72                          ;
;                       ;                             ;
; Max LUT depth         ; 7.00                        ;
; Average LUT depth     ; 6.10                        ;
+-----------------------+-----------------------------+


+-------------------------------+
; Elapsed Time Per Partition    ;
+----------------+--------------+
; Partition Name ; Elapsed Time ;
+----------------+--------------+
; Top            ; 00:00:00     ;
+----------------+--------------+


+-------------------------------+
; Analysis & Synthesis Messages ;
+-------------------------------+
Info: *******************************************************************
Info: Running Quartus Prime Analysis & Synthesis
    Info: Version 23.1std.0 Build 991 11/28/2023 SC Lite Edition
    Info: Processing started: Thu Sep 18 16:37:39 2025
Info: Command: quartus_map --read_settings_files=on --write_settings_files=off PBL1 -c PBL1
Warning (18236): Number of processors has not been specified which may cause overloading on shared machines.  Set the global assignment NUM_PARALLEL_PROCESSORS in your QSF to an appropriate value for best performance.
Info (20030): Parallel compilation is enabled and will use 14 of the 14 processors detected
Info (12021): Found 1 design units, including 1 entities, in source file ULA_TOP.v
    Info (12023): Found entity 1: ULA_TOP File: /home/aluno/Documentos/PBL1/PBL1/ULA_TOP.v Line: 1
Info (12021): Found 1 design units, including 1 entities, in source file decodificador_7seg.v
    Info (12023): Found entity 1: decodificador_7seg File: /home/aluno/Documentos/PBL1/PBL1/decodificador_7seg.v Line: 1
Info (12021): Found 1 design units, including 1 entities, in source file bcd.v
    Info (12023): Found entity 1: bcd File: /home/aluno/Documentos/PBL1/PBL1/bcd.v Line: 3
Info (12021): Found 1 design units, including 1 entities, in source file full_adder.v
    Info (12023): Found entity 1: full_adder File: /home/aluno/Documentos/PBL1/PBL1/full_adder.v Line: 1
Info (12021): Found 1 design units, including 1 entities, in source file mux_8_para_1.v
    Info (12023): Found entity 1: mux_8_para_1 File: /home/aluno/Documentos/PBL1/PBL1/mux_8_para_1.v Line: 2
Info (12021): Found 1 design units, including 1 entities, in source file somador_subtrator_4bits.v
    Info (12023): Found entity 1: somador_subtrator_4bits File: /home/aluno/Documentos/PBL1/PBL1/somador_subtrator_4bits.v Line: 2
Info (12021): Found 1 design units, including 1 entities, in source file unidade_and_4bits.v
    Info (12023): Found entity 1: unidade_and_4bits File: /home/aluno/Documentos/PBL1/PBL1/unidade_and_4bits.v Line: 1
Info (12021): Found 1 design units, including 1 entities, in source file unidade_or_4bits.v
    Info (12023): Found entity 1: unidade_or_4bits File: /home/aluno/Documentos/PBL1/PBL1/unidade_or_4bits.v Line: 1
Info (12021): Found 1 design units, including 1 entities, in source file soma_cin_a.v
    Info (12023): Found entity 1: soma_cin_a File: /home/aluno/Documentos/PBL1/PBL1/soma_cin_a.v Line: 1
Info (12021): Found 1 design units, including 1 entities, in source file mutiplicacao_5x4.v
    Info (12023): Found entity 1: mutiplicacao_5x4 File: /home/aluno/Documentos/PBL1/PBL1/mutiplicacao_5x4.v Line: 1
Info (12021): Found 1 design units, including 1 entities, in source file unidade_xor_5x4.v
    Info (12023): Found entity 1: unidade_xor_5x4 File: /home/aluno/Documentos/PBL1/PBL1/unidade_xor_5x4.v Line: 1
Info (12021): Found 1 design units, including 1 entities, in source file divisao_5por4.v
    Info (12023): Found entity 1: divisao_5por4 File: /home/aluno/Documentos/PBL1/PBL1/divisao_5por4.v Line: 1
Info (12021): Found 1 design units, including 1 entities, in source file mux_8_para_1_8bits.v
    Info (12023): Found entity 1: mux_8_para_1_8bits File: /home/aluno/Documentos/PBL1/PBL1/mux_8_para_1_8bits.v Line: 2
Info (12021): Found 1 design units, including 1 entities, in source file flag_zero.v
    Info (12023): Found entity 1: flag_zero File: /home/aluno/Documentos/PBL1/PBL1/flag_zero.v Line: 1
Info (12021): Found 1 design units, including 1 entities, in source file flag_error.v
    Info (12023): Found entity 1: flag_error File: /home/aluno/Documentos/PBL1/PBL1/flag_error.v Line: 1
Warning (10236): Verilog HDL Implicit Net warning at mutiplicacao_5x4.v(35): created implicit net for "soma_2" File: /home/aluno/Documentos/PBL1/PBL1/mutiplicacao_5x4.v Line: 35
Critical Warning (10846): Verilog HDL Instantiation warning at ULA_TOP.v(115): instance has no name File: /home/aluno/Documentos/PBL1/PBL1/ULA_TOP.v Line: 115
Critical Warning (10846): Verilog HDL Instantiation warning at ULA_TOP.v(116): instance has no name File: /home/aluno/Documentos/PBL1/PBL1/ULA_TOP.v Line: 116
Critical Warning (10846): Verilog HDL Instantiation warning at ULA_TOP.v(118): instance has no name File: /home/aluno/Documentos/PBL1/PBL1/ULA_TOP.v Line: 118
Critical Warning (10846): Verilog HDL Instantiation warning at ULA_TOP.v(120): instance has no name File: /home/aluno/Documentos/PBL1/PBL1/ULA_TOP.v Line: 120
Info (12127): Elaborating entity "ULA_TOP" for the top level hierarchy
Info (12128): Elaborating entity "soma_cin_a" for hierarchy "soma_cin_a:U_somaCin" File: /home/aluno/Documentos/PBL1/PBL1/ULA_TOP.v Line: 54
Info (12128): Elaborating entity "full_adder" for hierarchy "soma_cin_a:U_somaCin|full_adder:U_s1" File: /home/aluno/Documentos/PBL1/PBL1/soma_cin_a.v Line: 11
Info (12128): Elaborating entity "somador_subtrator_4bits" for hierarchy "somador_subtrator_4bits:U_Soma" File: /home/aluno/Documentos/PBL1/PBL1/ULA_TOP.v Line: 62
Warning (10036): Verilog HDL or VHDL warning at somador_subtrator_4bits.v(15): object "gnd" assigned a value but never read File: /home/aluno/Documentos/PBL1/PBL1/somador_subtrator_4bits.v Line: 15
Warning (10034): Output port "cout" at somador_subtrator_4bits.v(8) has no driver File: /home/aluno/Documentos/PBL1/PBL1/somador_subtrator_4bits.v Line: 8
Warning (10034): Output port "ov" at somador_subtrator_4bits.v(10) has no driver File: /home/aluno/Documentos/PBL1/PBL1/somador_subtrator_4bits.v Line: 10
Info (12128): Elaborating entity "unidade_and_4bits" for hierarchy "unidade_and_4bits:U_AND" File: /home/aluno/Documentos/PBL1/PBL1/ULA_TOP.v Line: 71
Info (12128): Elaborating entity "unidade_or_4bits" for hierarchy "unidade_or_4bits:U_OR" File: /home/aluno/Documentos/PBL1/PBL1/ULA_TOP.v Line: 74
Info (12128): Elaborating entity "mutiplicacao_5x4" for hierarchy "mutiplicacao_5x4:U_Mult" File: /home/aluno/Documentos/PBL1/PBL1/ULA_TOP.v Line: 80
Info (12128): Elaborating entity "unidade_xor_5x4" for hierarchy "unidade_xor_5x4:U_xor" File: /home/aluno/Documentos/PBL1/PBL1/ULA_TOP.v Line: 86
Info (12128): Elaborating entity "divisao_5por4" for hierarchy "divisao_5por4:U_div" File: /home/aluno/Documentos/PBL1/PBL1/ULA_TOP.v Line: 92
Warning (10036): Verilog HDL or VHDL warning at divisao_5por4.v(7): object "gnd" assigned a value but never read File: /home/aluno/Documentos/PBL1/PBL1/divisao_5por4.v Line: 7
Info (12128): Elaborating entity "mux_8_para_1_8bits" for hierarchy "mux_8_para_1_8bits:U_MUX" File: /home/aluno/Documentos/PBL1/PBL1/ULA_TOP.v Line: 106
Info (12128): Elaborating entity "mux_8_para_1" for hierarchy "mux_8_para_1_8bits:U_MUX|mux_8_para_1:MUX_BIT0" File: /home/aluno/Documentos/PBL1/PBL1/mux_8_para_1_8bits.v Line: 17
Info (12128): Elaborating entity "bcd" for hierarchy "bcd:U_BCD" File: /home/aluno/Documentos/PBL1/PBL1/ULA_TOP.v Line: 113
Info (12128): Elaborating entity "decodificador_7seg" for hierarchy "decodificador_7seg:comb_24" File: /home/aluno/Documentos/PBL1/PBL1/ULA_TOP.v Line: 115
Info (12128): Elaborating entity "flag_zero" for hierarchy "flag_zero:comb_26" File: /home/aluno/Documentos/PBL1/PBL1/ULA_TOP.v Line: 118
Info (12128): Elaborating entity "flag_error" for hierarchy "flag_error:comb_27" File: /home/aluno/Documentos/PBL1/PBL1/ULA_TOP.v Line: 120
Warning (12011): Net is missing source, defaulting to GND
    Warning (12110): Net "resultado_ula[7]" is missing source, defaulting to GND File: /home/aluno/Documentos/PBL1/PBL1/ULA_TOP.v Line: 28
    Warning (12110): Net "resultado_ula[6]" is missing source, defaulting to GND File: /home/aluno/Documentos/PBL1/PBL1/ULA_TOP.v Line: 28
    Warning (12110): Net "resultado_ula[5]" is missing source, defaulting to GND File: /home/aluno/Documentos/PBL1/PBL1/ULA_TOP.v Line: 28
Warning (12011): Net is missing source, defaulting to GND
    Warning (12110): Net "resultado_ula[7]" is missing source, defaulting to GND File: /home/aluno/Documentos/PBL1/PBL1/ULA_TOP.v Line: 28
    Warning (12110): Net "resultado_ula[6]" is missing source, defaulting to GND File: /home/aluno/Documentos/PBL1/PBL1/ULA_TOP.v Line: 28
    Warning (12110): Net "resultado_ula[5]" is missing source, defaulting to GND File: /home/aluno/Documentos/PBL1/PBL1/ULA_TOP.v Line: 28
Warning (12011): Net is missing source, defaulting to GND
    Warning (12110): Net "resultado_ula[7]" is missing source, defaulting to GND File: /home/aluno/Documentos/PBL1/PBL1/ULA_TOP.v Line: 28
    Warning (12110): Net "resultado_ula[6]" is missing source, defaulting to GND File: /home/aluno/Documentos/PBL1/PBL1/ULA_TOP.v Line: 28
    Warning (12110): Net "resultado_ula[5]" is missing source, defaulting to GND File: /home/aluno/Documentos/PBL1/PBL1/ULA_TOP.v Line: 28
Warning (12011): Net is missing source, defaulting to GND
    Warning (12110): Net "resultado_ula[7]" is missing source, defaulting to GND File: /home/aluno/Documentos/PBL1/PBL1/ULA_TOP.v Line: 28
    Warning (12110): Net "resultado_ula[6]" is missing source, defaulting to GND File: /home/aluno/Documentos/PBL1/PBL1/ULA_TOP.v Line: 28
    Warning (12110): Net "resultado_ula[5]" is missing source, defaulting to GND File: /home/aluno/Documentos/PBL1/PBL1/ULA_TOP.v Line: 28
Warning (12011): Net is missing source, defaulting to GND
    Warning (12110): Net "resultado_ula[7]" is missing source, defaulting to GND File: /home/aluno/Documentos/PBL1/PBL1/ULA_TOP.v Line: 28
    Warning (12110): Net "resultado_ula[6]" is missing source, defaulting to GND File: /home/aluno/Documentos/PBL1/PBL1/ULA_TOP.v Line: 28
    Warning (12110): Net "resultado_ula[5]" is missing source, defaulting to GND File: /home/aluno/Documentos/PBL1/PBL1/ULA_TOP.v Line: 28
Warning (12011): Net is missing source, defaulting to GND
    Warning (12110): Net "resultado_ula[7]" is missing source, defaulting to GND File: /home/aluno/Documentos/PBL1/PBL1/ULA_TOP.v Line: 28
    Warning (12110): Net "resultado_ula[6]" is missing source, defaulting to GND File: /home/aluno/Documentos/PBL1/PBL1/ULA_TOP.v Line: 28
    Warning (12110): Net "resultado_ula[5]" is missing source, defaulting to GND File: /home/aluno/Documentos/PBL1/PBL1/ULA_TOP.v Line: 28
Warning (12011): Net is missing source, defaulting to GND
    Warning (12110): Net "resultado_ula[7]" is missing source, defaulting to GND File: /home/aluno/Documentos/PBL1/PBL1/ULA_TOP.v Line: 28
    Warning (12110): Net "resultado_ula[6]" is missing source, defaulting to GND File: /home/aluno/Documentos/PBL1/PBL1/ULA_TOP.v Line: 28
    Warning (12110): Net "resultado_ula[5]" is missing source, defaulting to GND File: /home/aluno/Documentos/PBL1/PBL1/ULA_TOP.v Line: 28
Warning (12011): Net is missing source, defaulting to GND
    Warning (12110): Net "resultado_ula[7]" is missing source, defaulting to GND File: /home/aluno/Documentos/PBL1/PBL1/ULA_TOP.v Line: 28
    Warning (12110): Net "resultado_ula[6]" is missing source, defaulting to GND File: /home/aluno/Documentos/PBL1/PBL1/ULA_TOP.v Line: 28
    Warning (12110): Net "resultado_ula[5]" is missing source, defaulting to GND File: /home/aluno/Documentos/PBL1/PBL1/ULA_TOP.v Line: 28
Warning (12011): Net is missing source, defaulting to GND
    Warning (12110): Net "resultado_ula[7]" is missing source, defaulting to GND File: /home/aluno/Documentos/PBL1/PBL1/ULA_TOP.v Line: 28
    Warning (12110): Net "resultado_ula[6]" is missing source, defaulting to GND File: /home/aluno/Documentos/PBL1/PBL1/ULA_TOP.v Line: 28
    Warning (12110): Net "resultado_ula[5]" is missing source, defaulting to GND File: /home/aluno/Documentos/PBL1/PBL1/ULA_TOP.v Line: 28
Info (13014): Ignored 2 buffer(s)
    Info (13019): Ignored 2 SOFT buffer(s)
Warning (12241): 2 hierarchies have connectivity warnings - see the Connectivity Checks report folder
Warning (13024): Output pins are stuck at VCC or GND
    Warning (13410): Pin "HEX1[1]" is stuck at GND File: /home/aluno/Documentos/PBL1/PBL1/ULA_TOP.v Line: 7
    Warning (13410): Pin "HEX1[2]" is stuck at GND File: /home/aluno/Documentos/PBL1/PBL1/ULA_TOP.v Line: 7
    Warning (13410): Pin "HEX1[6]" is stuck at VCC File: /home/aluno/Documentos/PBL1/PBL1/ULA_TOP.v Line: 7
Info (286030): Timing-Driven Synthesis is running
Info (144001): Generated suppressed messages file /home/aluno/Documentos/PBL1/PBL1/output_files/PBL1.map.smsg
Info (16010): Generating hard_block partition "hard_block:auto_generated_inst"
    Info (16011): Adding 0 node(s), including 0 DDIO, 0 PLL, 0 transceiver and 0 LCELL
Info (21057): Implemented 119 device resources after synthesis - the final resource count might be different
    Info (21058): Implemented 12 input pins
    Info (21059): Implemented 16 output pins
    Info (21061): Implemented 91 logic cells
Info: Quartus Prime Analysis & Synthesis was successful. 0 errors, 51 warnings
    Info: Peak virtual memory: 408 megabytes
    Info: Processing ended: Thu Sep 18 16:37:44 2025
    Info: Elapsed time: 00:00:05
    Info: Total CPU time (on all processors): 00:00:12


+------------------------------------------+
; Analysis & Synthesis Suppressed Messages ;
+------------------------------------------+
The suppressed messages can be found in /home/aluno/Documentos/PBL1/PBL1/output_files/PBL1.map.smsg.


